0 info it worked if it ends with ok
1 verbose cli [ 'node',
1 verbose cli   '/usr/local/bin/npm',
1 verbose cli   'install',
1 verbose cli   '--save',
1 verbose cli   'formula-lookup',
1 verbose cli   'formula-vlookup',
1 verbose cli   'formula-hlookup',
1 verbose cli   'formula-match' ]
2 info using npm@2.11.3
3 info using node@v0.12.7
4 verbose node symlink /bin/node
5 verbose install initial load of /Users/jenmoresi/formula/lookup-reference/package.json
6 verbose installManyTop reading scoped package data from /Users/jenmoresi/formula/lookup-reference/node_modules/formula-hlookup/package.json
7 verbose installManyTop reading scoped package data from /Users/jenmoresi/formula/lookup-reference/node_modules/formula-lookup/package.json
8 verbose installManyTop reading scoped package data from /Users/jenmoresi/formula/lookup-reference/node_modules/formula-math/package.json
9 verbose installManyTop reading scoped package data from /Users/jenmoresi/formula/lookup-reference/node_modules/formula-vlookup/package.json
10 info package.json formula-lookup@1.0.1 No description
11 info package.json formula-math@0.0.1 No description
12 info package.json formula-math@0.0.1 No repository field.
13 verbose readDependencies loading dependencies from /Users/jenmoresi/formula/lookup-reference/package.json
14 verbose install formula-lookup is installed as 1.0.1
15 silly cache add args [ 'formula-lookup@^1.0.1', null ]
16 verbose cache add spec formula-lookup@^1.0.1
17 verbose install formula-vlookup is installed as 1.0.0
18 silly cache add args [ 'formula-vlookup@^1.0.0', null ]
19 verbose cache add spec formula-vlookup@^1.0.0
20 verbose install formula-hlookup is installed as 1.0.2
21 silly cache add args [ 'formula-hlookup@^1.0.2', null ]
22 verbose cache add spec formula-hlookup@^1.0.2
23 silly cache add args [ 'formula-match', null ]
24 verbose cache add spec formula-match
25 silly cache add parsed spec { raw: 'formula-lookup@^1.0.1',
25 silly cache add   scope: null,
25 silly cache add   name: 'formula-lookup',
25 silly cache add   rawSpec: '^1.0.1',
25 silly cache add   spec: '>=1.0.1 <2.0.0',
25 silly cache add   type: 'range' }
26 silly addNamed formula-lookup@>=1.0.1 <2.0.0
27 verbose addNamed ">=1.0.1 <2.0.0" is a valid semver range for formula-lookup
28 silly addNameRange { name: 'formula-lookup',
28 silly addNameRange   range: '>=1.0.1 <2.0.0',
28 silly addNameRange   hasData: false }
29 silly mapToRegistry name formula-lookup
30 silly mapToRegistry using default registry
31 silly mapToRegistry registry https://registry.npmjs.org/
32 silly mapToRegistry uri https://registry.npmjs.org/formula-lookup
33 verbose addNameRange registry:https://registry.npmjs.org/formula-lookup not in flight; fetching
34 silly cache add parsed spec { raw: 'formula-vlookup@^1.0.0',
34 silly cache add   scope: null,
34 silly cache add   name: 'formula-vlookup',
34 silly cache add   rawSpec: '^1.0.0',
34 silly cache add   spec: '>=1.0.0 <2.0.0',
34 silly cache add   type: 'range' }
35 silly addNamed formula-vlookup@>=1.0.0 <2.0.0
36 verbose addNamed ">=1.0.0 <2.0.0" is a valid semver range for formula-vlookup
37 silly addNameRange { name: 'formula-vlookup',
37 silly addNameRange   range: '>=1.0.0 <2.0.0',
37 silly addNameRange   hasData: false }
38 silly mapToRegistry name formula-vlookup
39 silly mapToRegistry using default registry
40 silly mapToRegistry registry https://registry.npmjs.org/
41 silly mapToRegistry uri https://registry.npmjs.org/formula-vlookup
42 verbose addNameRange registry:https://registry.npmjs.org/formula-vlookup not in flight; fetching
43 silly cache add parsed spec { raw: 'formula-hlookup@^1.0.2',
43 silly cache add   scope: null,
43 silly cache add   name: 'formula-hlookup',
43 silly cache add   rawSpec: '^1.0.2',
43 silly cache add   spec: '>=1.0.2 <2.0.0',
43 silly cache add   type: 'range' }
44 silly addNamed formula-hlookup@>=1.0.2 <2.0.0
45 verbose addNamed ">=1.0.2 <2.0.0" is a valid semver range for formula-hlookup
46 silly addNameRange { name: 'formula-hlookup',
46 silly addNameRange   range: '>=1.0.2 <2.0.0',
46 silly addNameRange   hasData: false }
47 silly mapToRegistry name formula-hlookup
48 silly mapToRegistry using default registry
49 silly mapToRegistry registry https://registry.npmjs.org/
50 silly mapToRegistry uri https://registry.npmjs.org/formula-hlookup
51 verbose addNameRange registry:https://registry.npmjs.org/formula-hlookup not in flight; fetching
52 silly cache add parsed spec { raw: 'formula-match',
52 silly cache add   scope: null,
52 silly cache add   name: 'formula-match',
52 silly cache add   rawSpec: '',
52 silly cache add   spec: '*',
52 silly cache add   type: 'range' }
53 silly addNamed formula-match@*
54 verbose addNamed "*" is a valid semver range for formula-match
55 silly addNameRange { name: 'formula-match', range: '*', hasData: false }
56 silly mapToRegistry name formula-match
57 silly mapToRegistry using default registry
58 silly mapToRegistry registry https://registry.npmjs.org/
59 silly mapToRegistry uri https://registry.npmjs.org/formula-match
60 verbose addNameRange registry:https://registry.npmjs.org/formula-match not in flight; fetching
61 verbose request uri https://registry.npmjs.org/formula-match
62 verbose request no auth needed
63 info attempt registry request try #1 at 12:19:36 AM
64 verbose request using bearer token for auth
65 verbose request id 3820517886585d97
66 http request GET https://registry.npmjs.org/formula-match
67 verbose request uri https://registry.npmjs.org/formula-vlookup
68 verbose request no auth needed
69 info attempt registry request try #1 at 12:19:36 AM
70 verbose request using bearer token for auth
71 verbose etag "ENZU0T5T3IFZZRXG4CUS9Z77S"
72 http request GET https://registry.npmjs.org/formula-vlookup
73 verbose request uri https://registry.npmjs.org/formula-lookup
74 verbose request no auth needed
75 info attempt registry request try #1 at 12:19:36 AM
76 verbose request using bearer token for auth
77 verbose etag "B136A99OVPK5W7EZYBDA2PJKH"
78 http request GET https://registry.npmjs.org/formula-lookup
79 verbose request uri https://registry.npmjs.org/formula-hlookup
80 verbose request no auth needed
81 info attempt registry request try #1 at 12:19:36 AM
82 verbose request using bearer token for auth
83 verbose etag "FO54S0NWC1EJV4KJ6AWZ7RFG"
84 http request GET https://registry.npmjs.org/formula-hlookup
85 http 304 https://registry.npmjs.org/formula-lookup
86 silly get cb [ 304,
86 silly get   { 'cache-control': 'max-age=60',
86 silly get     'accept-ranges': 'bytes',
86 silly get     date: 'Fri, 18 Sep 2015 07:19:36 GMT',
86 silly get     via: '1.1 varnish',
86 silly get     connection: 'keep-alive',
86 silly get     'x-served-by': 'cache-sjc3131-SJC',
86 silly get     'x-cache': 'MISS',
86 silly get     'x-cache-hits': '0',
86 silly get     'x-timer': 'S1442560776.858962,VS0,VE87' } ]
87 verbose etag https://registry.npmjs.org/formula-lookup from cache
88 verbose get saving formula-lookup to /Users/jenmoresi/.npm/registry.npmjs.org/formula-lookup/.cache.json
89 http 404 https://registry.npmjs.org/formula-match
90 verbose headers { 'content-type': 'application/json',
90 verbose headers   'cache-control': 'max-age=0',
90 verbose headers   'content-length': '2',
90 verbose headers   'accept-ranges': 'bytes',
90 verbose headers   date: 'Fri, 18 Sep 2015 07:19:36 GMT',
90 verbose headers   via: '1.1 varnish',
90 verbose headers   connection: 'keep-alive',
90 verbose headers   'x-served-by': 'cache-sjc3133-SJC',
90 verbose headers   'x-cache': 'MISS',
90 verbose headers   'x-cache-hits': '0',
90 verbose headers   'x-timer': 'S1442560776.915346,VS0,VE39' }
91 silly get cb [ 404,
91 silly get   { 'content-type': 'application/json',
91 silly get     'cache-control': 'max-age=0',
91 silly get     'content-length': '2',
91 silly get     'accept-ranges': 'bytes',
91 silly get     date: 'Fri, 18 Sep 2015 07:19:36 GMT',
91 silly get     via: '1.1 varnish',
91 silly get     connection: 'keep-alive',
91 silly get     'x-served-by': 'cache-sjc3133-SJC',
91 silly get     'x-cache': 'MISS',
91 silly get     'x-cache-hits': '0',
91 silly get     'x-timer': 'S1442560776.915346,VS0,VE39' } ]
92 silly addNameRange number 2 { name: 'formula-lookup',
92 silly addNameRange   range: '>=1.0.1 <2.0.0',
92 silly addNameRange   hasData: true }
93 silly addNameRange versions [ 'formula-lookup', [ '1.0.0', '1.0.1' ] ]
94 silly addNamed formula-lookup@1.0.1
95 verbose addNamed "1.0.1" is a plain semver version for formula-lookup
96 silly cache afterAdd formula-lookup@1.0.1
97 verbose afterAdd /Users/jenmoresi/.npm/formula-lookup/1.0.1/package/package.json not in flight; writing
98 verbose afterAdd /Users/jenmoresi/.npm/formula-lookup/1.0.1/package/package.json written
99 http 304 https://registry.npmjs.org/formula-hlookup
100 silly get cb [ 304,
100 silly get   { 'cache-control': 'max-age=60',
100 silly get     'accept-ranges': 'bytes',
100 silly get     date: 'Fri, 18 Sep 2015 07:19:37 GMT',
100 silly get     via: '1.1 varnish',
100 silly get     connection: 'keep-alive',
100 silly get     'x-served-by': 'cache-sjc3123-SJC',
100 silly get     'x-cache': 'MISS',
100 silly get     'x-cache-hits': '0',
100 silly get     'x-timer': 'S1442560776.920646,VS0,VE88' } ]
101 verbose etag https://registry.npmjs.org/formula-hlookup from cache
102 verbose get saving formula-hlookup to /Users/jenmoresi/.npm/registry.npmjs.org/formula-hlookup/.cache.json
103 silly addNameRange number 2 { name: 'formula-hlookup',
103 silly addNameRange   range: '>=1.0.2 <2.0.0',
103 silly addNameRange   hasData: true }
104 silly addNameRange versions [ 'formula-hlookup', [ '1.0.0', '1.0.1', '1.0.2' ] ]
105 silly addNamed formula-hlookup@1.0.2
106 verbose addNamed "1.0.2" is a plain semver version for formula-hlookup
107 silly cache afterAdd formula-hlookup@1.0.2
108 verbose afterAdd /Users/jenmoresi/.npm/formula-hlookup/1.0.2/package/package.json not in flight; writing
109 verbose afterAdd /Users/jenmoresi/.npm/formula-hlookup/1.0.2/package/package.json written
110 http 304 https://registry.npmjs.org/formula-vlookup
111 silly get cb [ 304,
111 silly get   { 'cache-control': 'max-age=60',
111 silly get     'accept-ranges': 'bytes',
111 silly get     date: 'Fri, 18 Sep 2015 07:19:37 GMT',
111 silly get     via: '1.1 varnish',
111 silly get     connection: 'keep-alive',
111 silly get     'x-served-by': 'cache-sjc3134-SJC',
111 silly get     'x-cache': 'MISS',
111 silly get     'x-cache-hits': '0',
111 silly get     'x-timer': 'S1442560776.920545,VS0,VE146' } ]
112 verbose etag https://registry.npmjs.org/formula-vlookup from cache
113 verbose get saving formula-vlookup to /Users/jenmoresi/.npm/registry.npmjs.org/formula-vlookup/.cache.json
114 silly addNameRange number 2 { name: 'formula-vlookup',
114 silly addNameRange   range: '>=1.0.0 <2.0.0',
114 silly addNameRange   hasData: true }
115 silly addNameRange versions [ 'formula-vlookup', [ '1.0.0' ] ]
116 silly addNamed formula-vlookup@1.0.0
117 verbose addNamed "1.0.0" is a plain semver version for formula-vlookup
118 silly cache afterAdd formula-vlookup@1.0.0
119 verbose afterAdd /Users/jenmoresi/.npm/formula-vlookup/1.0.0/package/package.json not in flight; writing
120 verbose afterAdd /Users/jenmoresi/.npm/formula-vlookup/1.0.0/package/package.json written
121 verbose stack Error: Registry returned 404 for GET on https://registry.npmjs.org/formula-match
121 verbose stack     at CachingRegistryClient.<anonymous> (/usr/local/lib/node_modules/npm/node_modules/npm-registry-client/lib/request.js:239:14)
121 verbose stack     at Request._callback (/usr/local/lib/node_modules/npm/node_modules/npm-registry-client/lib/request.js:170:14)
121 verbose stack     at Request.self.callback (/usr/local/lib/node_modules/npm/node_modules/request/request.js:354:22)
121 verbose stack     at Request.emit (events.js:110:17)
121 verbose stack     at Request.<anonymous> (/usr/local/lib/node_modules/npm/node_modules/request/request.js:1207:14)
121 verbose stack     at Request.emit (events.js:129:20)
121 verbose stack     at IncomingMessage.<anonymous> (/usr/local/lib/node_modules/npm/node_modules/request/request.js:1153:12)
121 verbose stack     at IncomingMessage.emit (events.js:129:20)
121 verbose stack     at _stream_readable.js:908:16
121 verbose stack     at process._tickCallback (node.js:355:11)
122 verbose statusCode 404
123 verbose pkgid formula-match
124 verbose cwd /Users/jenmoresi/formula/lookup-reference
125 error Darwin 13.4.0
126 error argv "node" "/usr/local/bin/npm" "install" "--save" "formula-lookup" "formula-vlookup" "formula-hlookup" "formula-match"
127 error node v0.12.7
128 error npm  v2.11.3
129 error code E404
130 error 404 Registry returned 404 for GET on https://registry.npmjs.org/formula-match
130 error 404
130 error 404 'formula-match' is not in the npm registry.
130 error 404 You should bug the author to publish it (or use the name yourself!)
130 error 404 It was specified as a dependency of 'formula-lookup-reference'
130 error 404
130 error 404 Note that you can also install from a
130 error 404 tarball, folder, http url, or git url.
131 verbose exit [ 1, true ]
